15:26:27.868 [main                     ] DEBUG Logger               - Configured Logger
15:26:27.883 [main                     ] DEBUG GameApplication      - Logging settings
Title: Basic Game App
Version: 0.1
Width: 600
Height: 600
Fullscreen: false
Intro: false
Profiling: false
Single step:false
App Mode: DEVELOPER
Menu Key: ESCAPE
Stage Style: DECORATED
Scene Factory: class com.almasb.fxgl.app.scene.SceneFactory

15:26:28.142 [JavaFX Application Thread] DEBUG FXGLApplication      - Initializing FXGL
15:26:28.144 [JavaFX Application Thread] INFO  Engine               - FXGL-11.17 (16.07.2021 15.46) on WINDOWS (J:14.0.1 FX:11.0.2)
15:26:28.145 [JavaFX Application Thread] DEBUG Engine               - JRE Vendor Name: Oracle Corporation
15:26:28.145 [JavaFX Application Thread] DEBUG Engine               - Running on OS: Windows 10 version 10.0
15:26:28.145 [JavaFX Application Thread] DEBUG Engine               - Architecture: amd64
15:26:28.146 [JavaFX Application Thread] INFO  Engine               - Source code and latest versions at: https://github.com/AlmasB/FXGL
15:26:28.146 [JavaFX Application Thread] INFO  Engine               -              Join the FXGL chat at: https://gitter.im/AlmasB/FXGL
15:26:28.251 [JavaFX Application Thread] DEBUG PrimaryStageWindow   - Creating a JavaFX scene
15:26:28.311 [JavaFX Application Thread] DEBUG PrimaryStageWindow   - Target settings size: 600.0 x 600.0
15:26:28.311 [JavaFX Application Thread] DEBUG PrimaryStageWindow   - Scaled scene size:    600.0 x 600.0
15:26:28.311 [JavaFX Application Thread] DEBUG PrimaryStageWindow   - Scaled ratio: (1.0, 1.0)
15:26:28.313 [JavaFX Application Thread] DEBUG PrimaryStageWindow   - Set initial scene to FXGLStartupScene
15:26:28.323 [JavaFX Application Thread] DEBUG PrimaryStageWindow   - Opening main window
15:26:28.427 [JavaFX Application Thread] DEBUG PrimaryStageWindow   - Window border size: (14.4000244140625, 37.5999755859375)
15:26:28.427 [JavaFX Application Thread] DEBUG PrimaryStageWindow   - Scaled size: 600.0 x 600.0
15:26:28.428 [JavaFX Application Thread] DEBUG PrimaryStageWindow   - Scaled ratio: (1.0, 1.0)
15:26:28.428 [JavaFX Application Thread] DEBUG PrimaryStageWindow   - Scene size: 600.0 x 600.0
15:26:28.430 [JavaFX Application Thread] DEBUG PrimaryStageWindow   - Stage size: 614.4000244140625 x 637.5999755859375
15:26:28.441 [FXGL Background Thread 1 ] DEBUG Engine               - Initializing environment variables
15:26:28.513 [FXGL Background Thread 1 ] DEBUG FXGLAssetLoaderServi - User app class for loading assets: class visualisation.fxgl.Fxgl
15:26:28.514 [FXGL Background Thread 1 ] DEBUG GameApplicationServi - Applying CSS: fxgl_dark.css
15:26:28.516 [FXGL Background Thread 1 ] DEBUG FXGLAssetLoaderServi - Loading from file system: jar:file:///C:/Users/DEL/.m2/repository/com/github/almasb/fxgl/11.17/fxgl-11.17.jar!/fxglassets/ui/css/fxgl_dark.css
15:26:28.578 [FXGL Background Thread 1 ] DEBUG GameApplicationServi - Initializing application scenes
15:26:28.637 [FXGL Background Thread 1 ] DEBUG GameWorld            - Game world initialized
15:26:28.704 [FXGL Background Thread 1 ] DEBUG PhysicsWorld         - Physics world initialized: appHeight=600, physics.ppm=50.0
15:26:28.705 [FXGL Background Thread 1 ] DEBUG PhysicsWorld         - Using strategy: BRUTE_FORCE
15:26:28.707 [FXGL Background Thread 1 ] DEBUG GameScene            - Game scene initialized: 600x600
15:26:28.723 [FXGL Background Thread 1 ] WARN  FXGL.DefaultMenu     - FXGLDefaultMenu is not designed for resolutions < 800x600
15:26:28.723 [FXGL Background Thread 1 ] DEBUG FXGL.DefaultMenu     - createMenuBodyGameMenu()
15:26:28.740 [FXGL Background Thread 1 ] DEBUG FXGL.DefaultMenu     - createOptionsMenu()
15:26:28.752 [FXGL Background Thread 1 ] DEBUG FXGLAssetLoaderServi - Loading from file system: jar:file:///C:/Users/DEL/.m2/repository/com/github/almasb/fxgl/11.17/fxgl-11.17.jar!/fxglassets/textures/particles/smoke.png
15:26:28.861 [FXGL Background Thread 1 ] DEBUG FXGLAssetLoaderServi - Loading from file system: jar:file:///C:/Users/DEL/.m2/repository/com/github/almasb/fxgl/11.17/fxgl-11.17.jar!/fxglassets/textures/particles/trace_horizontal.png
15:26:28.915 [FXGL Background Thread 1 ] DEBUG GameApplicationServi - Application scenes initialized
15:26:28.923 [FXGL Background Thread 1 ] DEBUG SystemBundleService  - Loading FXGL system data
15:26:28.925 [FXGL Background Thread 1 ] WARN  SystemBundleService  - Failed to load: java.io.FileNotFoundException: D:\Soft\JavafxTests\system\fxgl.bundle (The system cannot find the file specified)
15:26:28.926 [FXGL Background Thread 1 ] DEBUG SystemBundleService  - Loading default FXGL system data
15:26:28.926 [FXGL Background Thread 1 ] DEBUG UpdaterService       - Checking for updates
15:26:28.930 [FXGL Background Thread 4 ] DEBUG FXGLApplication      - Loading fonts
15:26:28.930 [FXGL Background Thread 1 ] DEBUG FXGLApplication      - Loading default localization
15:26:28.931 [FXGL Background Thread 4 ] DEBUG FXGLAssetLoaderServi - Loading from file system: jar:file:///C:/Users/DEL/.m2/repository/com/github/almasb/fxgl/11.17/fxgl-11.17.jar!/fxglassets/ui/fonts/VarelaRound-Regular.ttf
15:26:28.931 [FXGL Background Thread 1 ] DEBUG FXGLAssetLoaderServi - Loading from file system: jar:file:///C:/Users/DEL/.m2/repository/com/github/almasb/fxgl/11.17/fxgl-11.17.jar!/fxglassets/languages/english.lang
15:26:28.943 [FXGL Background Thread 1 ] INFO  FXGLApplication      - FXGL initialization took: 0.501 sec
15:26:28.951 [JavaFX Application Thread] DEBUG Input                - Registered new binding: action0 - D
15:26:28.952 [JavaFX Application Thread] DEBUG Input                - Registered new binding: action1 - A
15:26:28.952 [JavaFX Application Thread] DEBUG Input                - Registered new binding: action2 - W
15:26:28.952 [JavaFX Application Thread] DEBUG Input                - Registered new binding: action3 - S
15:26:28.953 [JavaFX Application Thread] DEBUG FXGLAssetLoaderServi - Loading from file system: jar:file:///C:/Users/DEL/.m2/repository/com/github/almasb/fxgl/11.17/fxgl-11.17.jar!/fxglassets/textures/fxgl_icon.png
15:26:28.973 [JavaFX Application Thread] DEBUG FXGLAssetLoaderServi - Loading from file system: jar:file:///C:/Users/DEL/.m2/repository/com/github/almasb/fxgl/11.17/fxgl-11.17.jar!/fxglassets/textures/fxgl_default_cursor.png
15:26:28.977 [JavaFX Application Thread] DEBUG Input                - Registered new binding: Screenshot - CTRL+8
15:26:28.978 [JavaFX Application Thread] DEBUG Input                - Registered new binding: System info dump - CTRL+9
15:26:28.980 [JavaFX Application Thread] DEBUG Input                - Registered new binding: Restart - CTRL+R
15:26:28.981 [JavaFX Application Thread] DEBUG Input                - Registered new binding: Toggle Debug Camera - CTRL+C
15:26:28.984 [JavaFX Application Thread] DEBUG LoopRunner           - Starting loop
15:26:28.984 [JavaFX Application Thread] DEBUG LoopRunner           - Initializing JavaFX AnimationTimerLoop
15:26:28.985 [JavaFX Application Thread] DEBUG GameApplicationServi - Starting new game
15:26:28.986 [JavaFX Application Thread] DEBUG Input                - Clearing active input actions
15:26:29.003 [JavaFX Application Thread] DEBUG GameApplicationServi - Removing overlay from FXGLStartupScene and adding to FXGLLoadingScene
15:26:29.003 [JavaFX Application Thread] DEBUG PrimaryStageWindow   - FXGLStartupScene -> FXGLLoadingScene
15:26:29.004 [JavaFX Application Thread] DEBUG GameApplicationServi - Clearing previous game
15:26:29.004 [JavaFX Application Thread] DEBUG GameScene            - Clearing game scene
15:26:29.004 [JavaFX Application Thread] DEBUG GameWorld            - Clearing game world
15:26:29.004 [JavaFX Application Thread] DEBUG PhysicsWorld         - Clearing physics world
15:26:29.004 [FXGL Background Thread 4 ] DEBUG FXGLAssetLoaderServi - Loading from file system: jar:file:///C:/Users/DEL/.m2/repository/com/github/almasb/fxgl/11.17/fxgl-11.17.jar!/fxglassets/ui/fonts/Abel-Regular.ttf
15:26:29.006 [FXGL Background Thread 1 ] DEBUG FXGLApplication      - Initializing game
15:26:29.009 [FXGL Background Thread 4 ] DEBUG FXGLAssetLoaderServi - Loading from file system: jar:file:///C:/Users/DEL/.m2/repository/com/github/almasb/fxgl/11.17/fxgl-11.17.jar!/fxglassets/ui/fonts/lucida_console.ttf
15:26:29.016 [FXGL Background Thread 4 ] DEBUG FXGLAssetLoaderServi - Loading from file system: jar:file:///C:/Users/DEL/.m2/repository/com/github/almasb/fxgl/11.17/fxgl-11.17.jar!/fxglassets/ui/fonts/Courier-Prime.ttf
15:26:29.023 [FXGL Background Thread 1 ] INFO  FXGLApplication      - Game initialization took: 0.017 sec
15:26:29.044 [JavaFX Application Thread] DEBUG FXGLApplication      - Registering font factories with UI factory
15:26:29.046 [JavaFX Application Thread] DEBUG Input                - Clearing active input actions
15:26:29.058 [JavaFX Application Thread] DEBUG GameApplicationServi - Removing overlay from FXGLLoadingScene and adding to GameScene
15:26:29.058 [JavaFX Application Thread] DEBUG PrimaryStageWindow   - FXGLLoadingScene -> GameScene
15:26:31.930 [FXGL Background Thread 3 ] DEBUG Engine               - Logging environment variables
15:26:31.930 [FXGL Background Thread 3 ] DEBUG Engine               - achievements: []
15:26:31.930 [FXGL Background Thread 3 ] DEBUG Engine               - actualHeight: 600.0
15:26:31.931 [FXGL Background Thread 3 ] DEBUG Engine               - actualHeightProperty: ReadOnlyDoubleProperty [value: 600.0]
15:26:31.931 [FXGL Background Thread 3 ] DEBUG Engine               - actualWidth: 600.0
15:26:31.931 [FXGL Background Thread 3 ] DEBUG Engine               - actualWidthProperty: ReadOnlyDoubleProperty [value: 600.0]
15:26:31.931 [FXGL Background Thread 3 ] DEBUG Engine               - appIcon: fxgl_icon.png
15:26:31.931 [FXGL Background Thread 3 ] DEBUG Engine               - applicationMode: DEVELOPER
15:26:31.931 [FXGL Background Thread 3 ] DEBUG Engine               - cSSList: [fxgl_dark.css]
15:26:31.931 [FXGL Background Thread 3 ] DEBUG Engine               - collisionDetectionStrategy: BRUTE_FORCE
15:26:31.932 [FXGL Background Thread 3 ] DEBUG Engine               - configClass: Optional.empty
15:26:31.932 [FXGL Background Thread 3 ] DEBUG Engine               - credits: []
15:26:31.932 [FXGL Background Thread 3 ] DEBUG Engine               - defaultCursor: CursorInfo(imageName=fxgl_default_cursor.png, hotspotX=7.0, hotspotY=6.0)
15:26:31.932 [FXGL Background Thread 3 ] DEBUG Engine               - devBBoxColorProperty: ObjectProperty [value: 0xff0000ff]
15:26:31.932 [FXGL Background Thread 3 ] DEBUG Engine               - devEnableDebugCameraProperty: BooleanProperty [value: false]
15:26:31.933 [FXGL Background Thread 3 ] DEBUG Engine               - devSensorColorProperty: ObjectProperty [value: 0xffff00ff]
15:26:31.933 [FXGL Background Thread 3 ] DEBUG Engine               - devShowBBoxProperty: BooleanProperty [value: false]
15:26:31.933 [FXGL Background Thread 3 ] DEBUG Engine               - devShowPositionProperty: BooleanProperty [value: false]
15:26:31.933 [FXGL Background Thread 3 ] DEBUG Engine               - enabledMenuItems: []
15:26:31.933 [FXGL Background Thread 3 ] DEBUG Engine               - engineServices: [class com.almasb.fxgl.app.services.FXGLAssetLoaderService, class com.almasb.fxgl.app.FXGLApplication$GameApplicationService, class com.almasb.fxgl.app.services.FXGLDialogService, class com.almasb.fxgl.app.services.IOTaskExecutorService, class com.almasb.fxgl.io.FileSystemService, class com.almasb.fxgl.localization.LocalizationService, class com.almasb.fxgl.app.services.SystemBundleService, class com.almasb.fxgl.profile.SaveLoadService, class com.almasb.fxgl.ui.FXGLUIFactoryServiceProvider, class com.almasb.fxgl.ui.FXGLDialogFactoryServiceProvider, class com.almasb.fxgl.audio.AudioPlayer, class com.almasb.fxgl.notification.impl.NotificationServiceProvider, class com.almasb.fxgl.achievement.AchievementService, class com.almasb.fxgl.cutscene.CutsceneService, class com.almasb.fxgl.minigames.MiniGameService, class com.almasb.fxgl.net.NetService, class com.almasb.fxgl.app.services.UpdaterService, class com.almasb.fxgl.dev.DevService]
15:26:31.933 [FXGL Background Thread 3 ] DEBUG Engine               - fontGame: Abel-Regular.ttf
15:26:31.933 [FXGL Background Thread 3 ] DEBUG Engine               - fontMono: lucida_console.ttf
15:26:31.933 [FXGL Background Thread 3 ] DEBUG Engine               - fontText: Courier-Prime.ttf
15:26:31.934 [FXGL Background Thread 3 ] DEBUG Engine               - fontUI: VarelaRound-Regular.ttf
15:26:31.934 [FXGL Background Thread 3 ] DEBUG Engine               - fullScreen: BooleanProperty [value: false]
15:26:31.934 [FXGL Background Thread 3 ] DEBUG Engine               - gameDifficulty: MEDIUM
15:26:31.935 [FXGL Background Thread 3 ] DEBUG Engine               - gameDifficultyProperty: ObjectProperty [value: MEDIUM]
15:26:31.935 [FXGL Background Thread 3 ] DEBUG Engine               - globalMusicVolume: 0.5
15:26:31.935 [FXGL Background Thread 3 ] DEBUG Engine               - globalMusicVolumeProperty: DoubleProperty [value: 0.5]
15:26:31.935 [FXGL Background Thread 3 ] DEBUG Engine               - globalSoundVolume: 0.5
15:26:31.935 [FXGL Background Thread 3 ] DEBUG Engine               - globalSoundVolumeProperty: DoubleProperty [value: 0.5]
15:26:31.935 [FXGL Background Thread 3 ] DEBUG Engine               - height: 600
15:26:31.935 [FXGL Background Thread 3 ] DEBUG Engine               - is3D: false
15:26:31.936 [FXGL Background Thread 3 ] DEBUG Engine               - isAndroid: false
15:26:31.936 [FXGL Background Thread 3 ] DEBUG Engine               - isBrowser: false
15:26:31.936 [FXGL Background Thread 3 ] DEBUG Engine               - isClickFeedbackEnabled: false
15:26:31.936 [FXGL Background Thread 3 ] DEBUG Engine               - isCloseConfirmation: false
15:26:31.936 [FXGL Background Thread 3 ] DEBUG Engine               - isDesktop: true
15:26:31.936 [FXGL Background Thread 3 ] DEBUG Engine               - isDeveloperMenuEnabled: false
15:26:31.936 [FXGL Background Thread 3 ] DEBUG Engine               - isEntityPreloadEnabled: true
15:26:31.936 [FXGL Background Thread 3 ] DEBUG Engine               - isExperimentalTiledLargeMap: false
15:26:31.936 [FXGL Background Thread 3 ] DEBUG Engine               - isFileSystemWriteAllowed: true
15:26:31.937 [FXGL Background Thread 3 ] DEBUG Engine               - isFullScreenAllowed: false
15:26:31.937 [FXGL Background Thread 3 ] DEBUG Engine               - isFullScreenFromStart: false
15:26:31.937 [FXGL Background Thread 3 ] DEBUG Engine               - isGameMenuEnabled: true
15:26:31.937 [FXGL Background Thread 3 ] DEBUG Engine               - isIOS: false
15:26:31.937 [FXGL Background Thread 3 ] DEBUG Engine               - isIntroEnabled: false
15:26:31.937 [FXGL Background Thread 3 ] DEBUG Engine               - isLinux: false
15:26:31.937 [FXGL Background Thread 3 ] DEBUG Engine               - isMac: false
15:26:31.938 [FXGL Background Thread 3 ] DEBUG Engine               - isMainMenuEnabled: false
15:26:31.938 [FXGL Background Thread 3 ] DEBUG Engine               - isManualResizeEnabled: true
15:26:31.938 [FXGL Background Thread 3 ] DEBUG Engine               - isMobile: false
15:26:31.938 [FXGL Background Thread 3 ] DEBUG Engine               - isNative: false
15:26:31.938 [FXGL Background Thread 3 ] DEBUG Engine               - isPauseMusicWhenMinimized: true
15:26:31.938 [FXGL Background Thread 3 ] DEBUG Engine               - isPreserveResizeRatio: false
15:26:31.938 [FXGL Background Thread 3 ] DEBUG Engine               - isProfilingEnabled: false
15:26:31.939 [FXGL Background Thread 3 ] DEBUG Engine               - isScaleAffectedOnResize: true
15:26:31.939 [FXGL Background Thread 3 ] DEBUG Engine               - isSingleStep: false
15:26:31.939 [FXGL Background Thread 3 ] DEBUG Engine               - isUserProfileEnabled: false
15:26:31.939 [FXGL Background Thread 3 ] DEBUG Engine               - isWindows: true
15:26:31.939 [FXGL Background Thread 3 ] DEBUG Engine               - language: ObjectProperty [value: ENGLISH]
15:26:31.939 [FXGL Background Thread 3 ] DEBUG Engine               - menuKey: ESCAPE
15:26:31.939 [FXGL Background Thread 3 ] DEBUG Engine               - mouseSensitivity: 0.2
15:26:31.939 [FXGL Background Thread 3 ] DEBUG Engine               - notificationViewClass: class com.almasb.fxgl.notification.view.XboxNotificationView
15:26:31.939 [FXGL Background Thread 3 ] DEBUG Engine               - pixelsPerMeter: 50.0
15:26:31.939 [FXGL Background Thread 3 ] DEBUG Engine               - platform: WINDOWS
15:26:31.940 [FXGL Background Thread 3 ] DEBUG Engine               - prefHeightProperty: ReadOnlyDoubleProperty [value: 600.0]
15:26:31.940 [FXGL Background Thread 3 ] DEBUG Engine               - prefWidthProperty: ReadOnlyDoubleProperty [value: 600.0]
15:26:31.940 [FXGL Background Thread 3 ] DEBUG Engine               - profileDir: profiles/
15:26:31.940 [FXGL Background Thread 3 ] DEBUG Engine               - profileName: StringProperty [value: DEFAULT]
15:26:31.940 [FXGL Background Thread 3 ] DEBUG Engine               - randomSeed: -1
15:26:31.940 [FXGL Background Thread 3 ] DEBUG Engine               - runtimeInfo: RuntimeInfo(platform=WINDOWS, version=11.17, build=16.07.2021 15.46)
15:26:31.941 [FXGL Background Thread 3 ] DEBUG Engine               - saveFileExt: sav
15:26:31.941 [FXGL Background Thread 3 ] DEBUG Engine               - scaledHeightProp$fxgl: DoubleProperty [bound, value: 600.0]
15:26:31.941 [FXGL Background Thread 3 ] DEBUG Engine               - scaledWidthProp$fxgl: DoubleProperty [bound, value: 600.0]
15:26:31.941 [FXGL Background Thread 3 ] DEBUG Engine               - sceneFactory: com.almasb.fxgl.app.scene.SceneFactory@5f58c86b
15:26:31.941 [FXGL Background Thread 3 ] DEBUG Engine               - secondsIn24h: 60
15:26:31.941 [FXGL Background Thread 3 ] DEBUG Engine               - soundMenuBack: menu/back.wav
15:26:31.941 [FXGL Background Thread 3 ] DEBUG Engine               - soundMenuPress: menu/press.wav
15:26:31.941 [FXGL Background Thread 3 ] DEBUG Engine               - soundMenuSelect: menu/select.wav
15:26:31.941 [FXGL Background Thread 3 ] DEBUG Engine               - soundNotification: core/notification.wav
15:26:31.941 [FXGL Background Thread 3 ] DEBUG Engine               - stageStyle: DECORATED
15:26:31.941 [FXGL Background Thread 3 ] DEBUG Engine               - supportedLanguages: [ENGLISH, FRENCH, GERMAN, HUNGARIAN, RUSSIAN]
15:26:31.942 [FXGL Background Thread 3 ] DEBUG Engine               - ticksPerSecond: -1
15:26:31.942 [FXGL Background Thread 3 ] DEBUG Engine               - title: Basic Game App
15:26:31.942 [FXGL Background Thread 3 ] DEBUG Engine               - urlGithub: https://github.com/AlmasB/FXGL
15:26:31.942 [FXGL Background Thread 3 ] DEBUG Engine               - urlLeaderboard: http://fxgl-top.herokuapp.com/
15:26:31.942 [FXGL Background Thread 3 ] DEBUG Engine               - urlPOM: https://raw.githubusercontent.com/AlmasB/FXGL/release/README.md
15:26:31.942 [FXGL Background Thread 3 ] DEBUG Engine               - userAppClass: class visualisation.fxgl.Fxgl
15:26:31.942 [FXGL Background Thread 3 ] DEBUG Engine               - version: 0.1
15:26:31.942 [FXGL Background Thread 3 ] DEBUG Engine               - versionCheckDays: 7
15:26:31.942 [FXGL Background Thread 3 ] DEBUG Engine               - width: 600
15:26:31.942 [FXGL Background Thread 3 ] DEBUG Engine               - Logging services
15:26:31.942 [FXGL Background Thread 3 ] DEBUG Engine               - class com.almasb.fxgl.app.services.FXGLAssetLoaderService
15:26:31.942 [FXGL Background Thread 3 ] DEBUG Engine               - class com.almasb.fxgl.app.FXGLApplication$GameApplicationService
15:26:31.943 [FXGL Background Thread 3 ] DEBUG Engine               - class com.almasb.fxgl.app.services.FXGLDialogService
15:26:31.943 [FXGL Background Thread 3 ] DEBUG Engine               - class com.almasb.fxgl.app.services.IOTaskExecutorService
15:26:31.943 [FXGL Background Thread 3 ] DEBUG Engine               - class com.almasb.fxgl.io.FileSystemService
15:26:31.943 [FXGL Background Thread 3 ] DEBUG Engine               - class com.almasb.fxgl.localization.LocalizationService
15:26:31.943 [FXGL Background Thread 3 ] DEBUG Engine               - class com.almasb.fxgl.app.services.SystemBundleService
15:26:31.943 [FXGL Background Thread 3 ] DEBUG Engine               - class com.almasb.fxgl.profile.SaveLoadService
15:26:31.943 [FXGL Background Thread 3 ] DEBUG Engine               - class com.almasb.fxgl.ui.FXGLUIFactoryServiceProvider
15:26:31.943 [FXGL Background Thread 3 ] DEBUG Engine               - class com.almasb.fxgl.ui.FXGLDialogFactoryServiceProvider
15:26:31.943 [FXGL Background Thread 3 ] DEBUG Engine               - class com.almasb.fxgl.audio.AudioPlayer
15:26:31.943 [FXGL Background Thread 3 ] DEBUG Engine               - class com.almasb.fxgl.notification.impl.NotificationServiceProvider
15:26:31.943 [FXGL Background Thread 3 ] DEBUG Engine               - class com.almasb.fxgl.achievement.AchievementService
15:26:31.944 [FXGL Background Thread 3 ] DEBUG Engine               - class com.almasb.fxgl.cutscene.CutsceneService
15:26:31.944 [FXGL Background Thread 3 ] DEBUG Engine               - class com.almasb.fxgl.minigames.MiniGameService
15:26:31.944 [FXGL Background Thread 3 ] DEBUG Engine               - class com.almasb.fxgl.net.NetService
15:26:31.944 [FXGL Background Thread 3 ] DEBUG Engine               - class com.almasb.fxgl.app.services.UpdaterService
15:26:31.944 [FXGL Background Thread 3 ] DEBUG Engine               - class com.almasb.fxgl.dev.DevService
15:26:41.559 [JavaFX Application Thread] DEBUG FXGLApplication      - Exiting FXGL
15:26:41.559 [JavaFX Application Thread] DEBUG LoopRunner           - Stopping loop
15:26:41.559 [JavaFX Application Thread] DEBUG SystemBundleService  - Saving FXGL system data
15:26:41.561 [JavaFX Application Thread] DEBUG FileSystemAccess     - Writing to: D:\Soft\JavafxTests\system\fxgl.bundle
15:26:41.566 [JavaFX Application Thread] DEBUG Async                - Shutting down background threads
15:26:41.567 [JavaFX Application Thread] DEBUG PrimaryStageWindow   - Closing main window
15:26:41.579 [JavaFX Application Thread] DEBUG Logger               - Closing Logger
