15:17:55.932 [main                     ] DEBUG Logger               - Configured Logger
15:17:55.947 [main                     ] DEBUG GameApplication      - Logging settings
Title: Basic Game App
Version: 0.1
Width: 600
Height: 600
Fullscreen: false
Intro: false
Profiling: false
Single step:false
App Mode: DEVELOPER
Menu Key: ESCAPE
Stage Style: DECORATED
Scene Factory: class com.almasb.fxgl.app.scene.SceneFactory

15:17:56.242 [JavaFX Application Thread] DEBUG FXGLApplication      - Initializing FXGL
15:17:56.244 [JavaFX Application Thread] INFO  Engine               - FXGL-11.17 (16.07.2021 15.46) on WINDOWS (J:14.0.1 FX:11.0.2)
15:17:56.245 [JavaFX Application Thread] DEBUG Engine               - JRE Vendor Name: Oracle Corporation
15:17:56.245 [JavaFX Application Thread] DEBUG Engine               - Running on OS: Windows 10 version 10.0
15:17:56.245 [JavaFX Application Thread] DEBUG Engine               - Architecture: amd64
15:17:56.245 [JavaFX Application Thread] INFO  Engine               - Source code and latest versions at: https://github.com/AlmasB/FXGL
15:17:56.245 [JavaFX Application Thread] INFO  Engine               -              Join the FXGL chat at: https://gitter.im/AlmasB/FXGL
15:17:56.346 [JavaFX Application Thread] DEBUG PrimaryStageWindow   - Creating a JavaFX scene
15:17:56.403 [JavaFX Application Thread] DEBUG PrimaryStageWindow   - Target settings size: 600.0 x 600.0
15:17:56.403 [JavaFX Application Thread] DEBUG PrimaryStageWindow   - Scaled scene size:    600.0 x 600.0
15:17:56.404 [JavaFX Application Thread] DEBUG PrimaryStageWindow   - Scaled ratio: (1.0, 1.0)
15:17:56.407 [JavaFX Application Thread] DEBUG PrimaryStageWindow   - Set initial scene to FXGLStartupScene
15:17:56.414 [JavaFX Application Thread] DEBUG PrimaryStageWindow   - Opening main window
15:17:56.547 [JavaFX Application Thread] DEBUG PrimaryStageWindow   - Window border size: (14.4000244140625, 37.5999755859375)
15:17:56.548 [JavaFX Application Thread] DEBUG PrimaryStageWindow   - Scaled size: 600.0 x 600.0
15:17:56.548 [JavaFX Application Thread] DEBUG PrimaryStageWindow   - Scaled ratio: (1.0, 1.0)
15:17:56.548 [JavaFX Application Thread] DEBUG PrimaryStageWindow   - Scene size: 600.0 x 600.0
15:17:56.548 [JavaFX Application Thread] DEBUG PrimaryStageWindow   - Stage size: 614.4000244140625 x 637.5999755859375
15:17:56.555 [FXGL Background Thread 1 ] DEBUG Engine               - Initializing environment variables
15:17:56.615 [FXGL Background Thread 1 ] DEBUG FXGLAssetLoaderServi - User app class for loading assets: class visualisation.fxgl.Fxgl
15:17:56.615 [FXGL Background Thread 1 ] DEBUG GameApplicationServi - Applying CSS: fxgl_dark.css
15:17:56.616 [FXGL Background Thread 1 ] DEBUG FXGLAssetLoaderServi - Loading from file system: jar:file:///C:/Users/DEL/.m2/repository/com/github/almasb/fxgl/11.17/fxgl-11.17.jar!/fxglassets/ui/css/fxgl_dark.css
15:17:56.703 [FXGL Background Thread 1 ] DEBUG GameApplicationServi - Initializing application scenes
15:17:56.759 [FXGL Background Thread 1 ] DEBUG GameWorld            - Game world initialized
15:17:56.832 [FXGL Background Thread 1 ] DEBUG PhysicsWorld         - Physics world initialized: appHeight=600, physics.ppm=50.0
15:17:56.832 [FXGL Background Thread 1 ] DEBUG PhysicsWorld         - Using strategy: BRUTE_FORCE
15:17:56.835 [FXGL Background Thread 1 ] DEBUG GameScene            - Game scene initialized: 600x600
15:17:56.851 [FXGL Background Thread 1 ] WARN  FXGL.DefaultMenu     - FXGLDefaultMenu is not designed for resolutions < 800x600
15:17:56.852 [FXGL Background Thread 1 ] DEBUG FXGL.DefaultMenu     - createMenuBodyGameMenu()
15:17:56.874 [FXGL Background Thread 1 ] DEBUG FXGL.DefaultMenu     - createOptionsMenu()
15:17:56.888 [FXGL Background Thread 1 ] DEBUG FXGLAssetLoaderServi - Loading from file system: jar:file:///C:/Users/DEL/.m2/repository/com/github/almasb/fxgl/11.17/fxgl-11.17.jar!/fxglassets/textures/particles/smoke.png
15:17:56.994 [FXGL Background Thread 1 ] DEBUG FXGLAssetLoaderServi - Loading from file system: jar:file:///C:/Users/DEL/.m2/repository/com/github/almasb/fxgl/11.17/fxgl-11.17.jar!/fxglassets/textures/particles/trace_horizontal.png
15:17:57.017 [FXGL Background Thread 1 ] DEBUG GameApplicationServi - Application scenes initialized
15:17:57.043 [FXGL Background Thread 1 ] DEBUG SystemBundleService  - Loading default FXGL system data
15:17:57.044 [FXGL Background Thread 1 ] DEBUG UpdaterService       - Checking for updates
15:17:57.050 [FXGL Background Thread 4 ] DEBUG FXGLApplication      - Loading fonts
15:17:57.050 [FXGL Background Thread 1 ] DEBUG FXGLApplication      - Loading default localization
15:17:57.051 [FXGL Background Thread 1 ] DEBUG FXGLAssetLoaderServi - Loading from file system: jar:file:///C:/Users/DEL/.m2/repository/com/github/almasb/fxgl/11.17/fxgl-11.17.jar!/fxglassets/languages/english.lang
15:17:57.051 [FXGL Background Thread 4 ] DEBUG FXGLAssetLoaderServi - Loading from file system: jar:file:///C:/Users/DEL/.m2/repository/com/github/almasb/fxgl/11.17/fxgl-11.17.jar!/fxglassets/ui/fonts/VarelaRound-Regular.ttf
15:17:57.067 [FXGL Background Thread 1 ] INFO  FXGLApplication      - FXGL initialization took: 0.511 sec
15:17:57.087 [JavaFX Application Thread] DEBUG Input                - Registered new binding: action0 - D
15:17:57.088 [JavaFX Application Thread] DEBUG Input                - Registered new binding: action1 - A
15:17:57.088 [JavaFX Application Thread] DEBUG Input                - Registered new binding: action2 - W
15:17:57.089 [JavaFX Application Thread] DEBUG Input                - Registered new binding: action3 - S
15:17:57.090 [JavaFX Application Thread] DEBUG FXGLAssetLoaderServi - Loading from file system: jar:file:///C:/Users/DEL/.m2/repository/com/github/almasb/fxgl/11.17/fxgl-11.17.jar!/fxglassets/textures/fxgl_icon.png
15:17:57.139 [JavaFX Application Thread] DEBUG FXGLAssetLoaderServi - Loading from file system: jar:file:///C:/Users/DEL/.m2/repository/com/github/almasb/fxgl/11.17/fxgl-11.17.jar!/fxglassets/textures/fxgl_default_cursor.png
15:17:57.142 [JavaFX Application Thread] DEBUG Input                - Registered new binding: Screenshot - CTRL+8
15:17:57.146 [JavaFX Application Thread] DEBUG Input                - Registered new binding: System info dump - CTRL+9
15:17:57.148 [JavaFX Application Thread] DEBUG Input                - Registered new binding: Restart - CTRL+R
15:17:57.150 [JavaFX Application Thread] DEBUG Input                - Registered new binding: Toggle Debug Camera - CTRL+C
15:17:57.152 [JavaFX Application Thread] DEBUG LoopRunner           - Starting loop
15:17:57.153 [JavaFX Application Thread] DEBUG LoopRunner           - Initializing JavaFX AnimationTimerLoop
15:17:57.154 [JavaFX Application Thread] DEBUG GameApplicationServi - Starting new game
15:17:57.155 [JavaFX Application Thread] DEBUG Input                - Clearing active input actions
15:17:57.155 [FXGL Background Thread 4 ] DEBUG FXGLAssetLoaderServi - Loading from file system: jar:file:///C:/Users/DEL/.m2/repository/com/github/almasb/fxgl/11.17/fxgl-11.17.jar!/fxglassets/ui/fonts/Abel-Regular.ttf
15:17:57.167 [FXGL Background Thread 4 ] DEBUG FXGLAssetLoaderServi - Loading from file system: jar:file:///C:/Users/DEL/.m2/repository/com/github/almasb/fxgl/11.17/fxgl-11.17.jar!/fxglassets/ui/fonts/lucida_console.ttf
15:17:57.175 [FXGL Background Thread 4 ] DEBUG FXGLAssetLoaderServi - Loading from file system: jar:file:///C:/Users/DEL/.m2/repository/com/github/almasb/fxgl/11.17/fxgl-11.17.jar!/fxglassets/ui/fonts/Courier-Prime.ttf
15:17:57.186 [JavaFX Application Thread] DEBUG GameApplicationServi - Removing overlay from FXGLStartupScene and adding to FXGLLoadingScene
15:17:57.187 [JavaFX Application Thread] DEBUG PrimaryStageWindow   - FXGLStartupScene -> FXGLLoadingScene
15:17:57.187 [JavaFX Application Thread] DEBUG GameApplicationServi - Clearing previous game
15:17:57.187 [JavaFX Application Thread] DEBUG GameScene            - Clearing game scene
15:17:57.187 [JavaFX Application Thread] DEBUG GameWorld            - Clearing game world
15:17:57.188 [JavaFX Application Thread] DEBUG PhysicsWorld         - Clearing physics world
15:17:57.190 [FXGL Background Thread 1 ] DEBUG FXGLApplication      - Initializing game
15:17:57.203 [FXGL Background Thread 1 ] INFO  FXGLApplication      - Game initialization took: 0.012 sec
15:17:57.254 [JavaFX Application Thread] DEBUG FXGLApplication      - Registering font factories with UI factory
15:17:57.256 [JavaFX Application Thread] DEBUG Input                - Clearing active input actions
15:17:57.275 [JavaFX Application Thread] DEBUG GameApplicationServi - Removing overlay from FXGLLoadingScene and adding to GameScene
15:17:57.276 [JavaFX Application Thread] DEBUG PrimaryStageWindow   - FXGLLoadingScene -> GameScene
15:18:00.050 [FXGL Background Thread 3 ] DEBUG Engine               - Logging environment variables
15:18:00.052 [FXGL Background Thread 3 ] DEBUG Engine               - achievements: []
15:18:00.053 [FXGL Background Thread 3 ] DEBUG Engine               - actualHeight: 600.0
15:18:00.055 [FXGL Background Thread 3 ] DEBUG Engine               - actualHeightProperty: ReadOnlyDoubleProperty [value: 600.0]
15:18:00.056 [FXGL Background Thread 3 ] DEBUG Engine               - actualWidth: 600.0
15:18:00.056 [FXGL Background Thread 3 ] DEBUG Engine               - actualWidthProperty: ReadOnlyDoubleProperty [value: 600.0]
15:18:00.057 [FXGL Background Thread 3 ] DEBUG Engine               - appIcon: fxgl_icon.png
15:18:00.057 [FXGL Background Thread 3 ] DEBUG Engine               - applicationMode: DEVELOPER
15:18:00.057 [FXGL Background Thread 3 ] DEBUG Engine               - cSSList: [fxgl_dark.css]
15:18:00.057 [FXGL Background Thread 3 ] DEBUG Engine               - collisionDetectionStrategy: BRUTE_FORCE
15:18:00.057 [FXGL Background Thread 3 ] DEBUG Engine               - configClass: Optional.empty
15:18:00.057 [FXGL Background Thread 3 ] DEBUG Engine               - credits: []
15:18:00.057 [FXGL Background Thread 3 ] DEBUG Engine               - defaultCursor: CursorInfo(imageName=fxgl_default_cursor.png, hotspotX=7.0, hotspotY=6.0)
15:18:00.058 [FXGL Background Thread 3 ] DEBUG Engine               - devBBoxColorProperty: ObjectProperty [value: 0xff0000ff]
15:18:00.058 [FXGL Background Thread 3 ] DEBUG Engine               - devEnableDebugCameraProperty: BooleanProperty [value: false]
15:18:00.058 [FXGL Background Thread 3 ] DEBUG Engine               - devSensorColorProperty: ObjectProperty [value: 0xffff00ff]
15:18:00.058 [FXGL Background Thread 3 ] DEBUG Engine               - devShowBBoxProperty: BooleanProperty [value: false]
15:18:00.058 [FXGL Background Thread 3 ] DEBUG Engine               - devShowPositionProperty: BooleanProperty [value: false]
15:18:00.058 [FXGL Background Thread 3 ] DEBUG Engine               - enabledMenuItems: []
15:18:00.059 [FXGL Background Thread 3 ] DEBUG Engine               - engineServices: [class com.almasb.fxgl.app.services.FXGLAssetLoaderService, class com.almasb.fxgl.app.FXGLApplication$GameApplicationService, class com.almasb.fxgl.app.services.FXGLDialogService, class com.almasb.fxgl.app.services.IOTaskExecutorService, class com.almasb.fxgl.io.FileSystemService, class com.almasb.fxgl.localization.LocalizationService, class com.almasb.fxgl.app.services.SystemBundleService, class com.almasb.fxgl.profile.SaveLoadService, class com.almasb.fxgl.ui.FXGLUIFactoryServiceProvider, class com.almasb.fxgl.ui.FXGLDialogFactoryServiceProvider, class com.almasb.fxgl.audio.AudioPlayer, class com.almasb.fxgl.notification.impl.NotificationServiceProvider, class com.almasb.fxgl.achievement.AchievementService, class com.almasb.fxgl.cutscene.CutsceneService, class com.almasb.fxgl.minigames.MiniGameService, class com.almasb.fxgl.net.NetService, class com.almasb.fxgl.app.services.UpdaterService, class com.almasb.fxgl.dev.DevService]
15:18:00.059 [FXGL Background Thread 3 ] DEBUG Engine               - fontGame: Abel-Regular.ttf
15:18:00.059 [FXGL Background Thread 3 ] DEBUG Engine               - fontMono: lucida_console.ttf
15:18:00.059 [FXGL Background Thread 3 ] DEBUG Engine               - fontText: Courier-Prime.ttf
15:18:00.059 [FXGL Background Thread 3 ] DEBUG Engine               - fontUI: VarelaRound-Regular.ttf
15:18:00.059 [FXGL Background Thread 3 ] DEBUG Engine               - fullScreen: BooleanProperty [value: false]
15:18:00.059 [FXGL Background Thread 3 ] DEBUG Engine               - gameDifficulty: MEDIUM
15:18:00.059 [FXGL Background Thread 3 ] DEBUG Engine               - gameDifficultyProperty: ObjectProperty [value: MEDIUM]
15:18:00.059 [FXGL Background Thread 3 ] DEBUG Engine               - globalMusicVolume: 0.5
15:18:00.060 [FXGL Background Thread 3 ] DEBUG Engine               - globalMusicVolumeProperty: DoubleProperty [value: 0.5]
15:18:00.060 [FXGL Background Thread 3 ] DEBUG Engine               - globalSoundVolume: 0.5
15:18:00.060 [FXGL Background Thread 3 ] DEBUG Engine               - globalSoundVolumeProperty: DoubleProperty [value: 0.5]
15:18:00.060 [FXGL Background Thread 3 ] DEBUG Engine               - height: 600
15:18:00.060 [FXGL Background Thread 3 ] DEBUG Engine               - is3D: false
15:18:00.060 [FXGL Background Thread 3 ] DEBUG Engine               - isAndroid: false
15:18:00.060 [FXGL Background Thread 3 ] DEBUG Engine               - isBrowser: false
15:18:00.060 [FXGL Background Thread 3 ] DEBUG Engine               - isClickFeedbackEnabled: false
15:18:00.061 [FXGL Background Thread 3 ] DEBUG Engine               - isCloseConfirmation: false
15:18:00.061 [FXGL Background Thread 3 ] DEBUG Engine               - isDesktop: true
15:18:00.061 [FXGL Background Thread 3 ] DEBUG Engine               - isDeveloperMenuEnabled: false
15:18:00.061 [FXGL Background Thread 3 ] DEBUG Engine               - isEntityPreloadEnabled: true
15:18:00.061 [FXGL Background Thread 3 ] DEBUG Engine               - isExperimentalTiledLargeMap: false
15:18:00.062 [FXGL Background Thread 3 ] DEBUG Engine               - isFileSystemWriteAllowed: true
15:18:00.062 [FXGL Background Thread 3 ] DEBUG Engine               - isFullScreenAllowed: false
15:18:00.063 [FXGL Background Thread 3 ] DEBUG Engine               - isFullScreenFromStart: false
15:18:00.064 [FXGL Background Thread 3 ] DEBUG Engine               - isGameMenuEnabled: true
15:18:00.065 [FXGL Background Thread 3 ] DEBUG Engine               - isIOS: false
15:18:00.066 [FXGL Background Thread 3 ] DEBUG Engine               - isIntroEnabled: false
15:18:00.067 [FXGL Background Thread 3 ] DEBUG Engine               - isLinux: false
15:18:00.067 [FXGL Background Thread 3 ] DEBUG Engine               - isMac: false
15:18:00.068 [FXGL Background Thread 3 ] DEBUG Engine               - isMainMenuEnabled: false
15:18:00.068 [FXGL Background Thread 3 ] DEBUG Engine               - isManualResizeEnabled: false
15:18:00.068 [FXGL Background Thread 3 ] DEBUG Engine               - isMobile: false
15:18:00.068 [FXGL Background Thread 3 ] DEBUG Engine               - isNative: false
15:18:00.069 [FXGL Background Thread 3 ] DEBUG Engine               - isPauseMusicWhenMinimized: true
15:18:00.069 [FXGL Background Thread 3 ] DEBUG Engine               - isPreserveResizeRatio: false
15:18:00.071 [FXGL Background Thread 3 ] DEBUG Engine               - isProfilingEnabled: false
15:18:00.073 [FXGL Background Thread 3 ] DEBUG Engine               - isScaleAffectedOnResize: true
15:18:00.074 [FXGL Background Thread 3 ] DEBUG Engine               - isSingleStep: false
15:18:00.074 [FXGL Background Thread 3 ] DEBUG Engine               - isUserProfileEnabled: false
15:18:00.075 [FXGL Background Thread 3 ] DEBUG Engine               - isWindows: true
15:18:00.075 [FXGL Background Thread 3 ] DEBUG Engine               - language: ObjectProperty [value: ENGLISH]
15:18:00.075 [FXGL Background Thread 3 ] DEBUG Engine               - menuKey: ESCAPE
15:18:00.076 [FXGL Background Thread 3 ] DEBUG Engine               - mouseSensitivity: 0.2
15:18:00.076 [FXGL Background Thread 3 ] DEBUG Engine               - notificationViewClass: class com.almasb.fxgl.notification.view.XboxNotificationView
15:18:00.077 [FXGL Background Thread 3 ] DEBUG Engine               - pixelsPerMeter: 50.0
15:18:00.077 [FXGL Background Thread 3 ] DEBUG Engine               - platform: WINDOWS
15:18:00.077 [FXGL Background Thread 3 ] DEBUG Engine               - prefHeightProperty: ReadOnlyDoubleProperty [value: 600.0]
15:18:00.078 [FXGL Background Thread 3 ] DEBUG Engine               - prefWidthProperty: ReadOnlyDoubleProperty [value: 600.0]
15:18:00.079 [FXGL Background Thread 3 ] DEBUG Engine               - profileDir: profiles/
15:18:00.081 [FXGL Background Thread 3 ] DEBUG Engine               - profileName: StringProperty [value: DEFAULT]
15:18:00.083 [FXGL Background Thread 3 ] DEBUG Engine               - randomSeed: -1
15:18:00.084 [FXGL Background Thread 3 ] DEBUG Engine               - runtimeInfo: RuntimeInfo(platform=WINDOWS, version=11.17, build=16.07.2021 15.46)
15:18:00.085 [FXGL Background Thread 3 ] DEBUG Engine               - saveFileExt: sav
15:18:00.086 [FXGL Background Thread 3 ] DEBUG Engine               - scaledHeightProp$fxgl: DoubleProperty [bound, value: 600.0]
15:18:00.088 [FXGL Background Thread 3 ] DEBUG Engine               - scaledWidthProp$fxgl: DoubleProperty [bound, value: 600.0]
15:18:00.089 [FXGL Background Thread 3 ] DEBUG Engine               - sceneFactory: com.almasb.fxgl.app.scene.SceneFactory@5763e91c
15:18:00.089 [FXGL Background Thread 3 ] DEBUG Engine               - secondsIn24h: 60
15:18:00.089 [FXGL Background Thread 3 ] DEBUG Engine               - soundMenuBack: menu/back.wav
15:18:00.089 [FXGL Background Thread 3 ] DEBUG Engine               - soundMenuPress: menu/press.wav
15:18:00.089 [FXGL Background Thread 3 ] DEBUG Engine               - soundMenuSelect: menu/select.wav
15:18:00.089 [FXGL Background Thread 3 ] DEBUG Engine               - soundNotification: core/notification.wav
15:18:00.089 [FXGL Background Thread 3 ] DEBUG Engine               - stageStyle: DECORATED
15:18:00.090 [FXGL Background Thread 3 ] DEBUG Engine               - supportedLanguages: [ENGLISH, FRENCH, GERMAN, HUNGARIAN, RUSSIAN]
15:18:00.090 [FXGL Background Thread 3 ] DEBUG Engine               - ticksPerSecond: -1
15:18:00.090 [FXGL Background Thread 3 ] DEBUG Engine               - title: Basic Game App
15:18:00.090 [FXGL Background Thread 3 ] DEBUG Engine               - urlGithub: https://github.com/AlmasB/FXGL
15:18:00.090 [FXGL Background Thread 3 ] DEBUG Engine               - urlLeaderboard: http://fxgl-top.herokuapp.com/
15:18:00.090 [FXGL Background Thread 3 ] DEBUG Engine               - urlPOM: https://raw.githubusercontent.com/AlmasB/FXGL/release/README.md
15:18:00.090 [FXGL Background Thread 3 ] DEBUG Engine               - userAppClass: class visualisation.fxgl.Fxgl
15:18:00.091 [FXGL Background Thread 3 ] DEBUG Engine               - version: 0.1
15:18:00.091 [FXGL Background Thread 3 ] DEBUG Engine               - versionCheckDays: 7
15:18:00.091 [FXGL Background Thread 3 ] DEBUG Engine               - width: 600
15:18:00.091 [FXGL Background Thread 3 ] DEBUG Engine               - Logging services
15:18:00.091 [FXGL Background Thread 3 ] DEBUG Engine               - class com.almasb.fxgl.app.services.FXGLAssetLoaderService
15:18:00.091 [FXGL Background Thread 3 ] DEBUG Engine               - class com.almasb.fxgl.app.FXGLApplication$GameApplicationService
15:18:00.091 [FXGL Background Thread 3 ] DEBUG Engine               - class com.almasb.fxgl.app.services.FXGLDialogService
15:18:00.091 [FXGL Background Thread 3 ] DEBUG Engine               - class com.almasb.fxgl.app.services.IOTaskExecutorService
15:18:00.091 [FXGL Background Thread 3 ] DEBUG Engine               - class com.almasb.fxgl.io.FileSystemService
15:18:00.091 [FXGL Background Thread 3 ] DEBUG Engine               - class com.almasb.fxgl.localization.LocalizationService
15:18:00.091 [FXGL Background Thread 3 ] DEBUG Engine               - class com.almasb.fxgl.app.services.SystemBundleService
15:18:00.092 [FXGL Background Thread 3 ] DEBUG Engine               - class com.almasb.fxgl.profile.SaveLoadService
15:18:00.092 [FXGL Background Thread 3 ] DEBUG Engine               - class com.almasb.fxgl.ui.FXGLUIFactoryServiceProvider
15:18:00.092 [FXGL Background Thread 3 ] DEBUG Engine               - class com.almasb.fxgl.ui.FXGLDialogFactoryServiceProvider
15:18:00.092 [FXGL Background Thread 3 ] DEBUG Engine               - class com.almasb.fxgl.audio.AudioPlayer
15:18:00.092 [FXGL Background Thread 3 ] DEBUG Engine               - class com.almasb.fxgl.notification.impl.NotificationServiceProvider
15:18:00.092 [FXGL Background Thread 3 ] DEBUG Engine               - class com.almasb.fxgl.achievement.AchievementService
15:18:00.092 [FXGL Background Thread 3 ] DEBUG Engine               - class com.almasb.fxgl.cutscene.CutsceneService
15:18:00.092 [FXGL Background Thread 3 ] DEBUG Engine               - class com.almasb.fxgl.minigames.MiniGameService
15:18:00.092 [FXGL Background Thread 3 ] DEBUG Engine               - class com.almasb.fxgl.net.NetService
15:18:00.092 [FXGL Background Thread 3 ] DEBUG Engine               - class com.almasb.fxgl.app.services.UpdaterService
15:18:00.092 [FXGL Background Thread 3 ] DEBUG Engine               - class com.almasb.fxgl.dev.DevService
15:18:06.695 [JavaFX Application Thread] DEBUG LoopRunner           - Stopping loop
15:18:06.697 [JavaFX Application Thread] FATAL FXGLApplication      - Uncaught Exception:
java.lang.NoSuchFieldError: BACK
	at com.almasb.fxgl.core/com.almasb.fxgl.input.MouseTrigger$Companion$WhenMappings.<clinit>(Triggers.kt)
	at com.almasb.fxgl.core/com.almasb.fxgl.input.MouseTrigger$Companion.buttonToString(Triggers.kt:130)
	at com.almasb.fxgl.core/com.almasb.fxgl.input.MouseTrigger.<init>(Triggers.kt:143)
	at com.almasb.fxgl.core/com.almasb.fxgl.input.MouseTrigger.<init>(Triggers.kt:112)
	at com.almasb.fxgl.core/com.almasb.fxgl.input.Input.handlePressed(Input.kt:326)
	at com.almasb.fxgl.core/com.almasb.fxgl.input.Input.onMouseEvent(Input.kt:312)
	at com.almasb.fxgl.core/com.almasb.fxgl.input.Input.onMouseEvent(Input.kt:301)
	at com.almasb.fxgl.all/com.almasb.fxgl.app.PrimaryStageWindow$2.invoke(MainWindow.kt:293)
	at com.almasb.fxgl.all/com.almasb.fxgl.app.PrimaryStageWindow$2.invoke(MainWindow.kt:292)
	at com.almasb.fxgl.all/com.almasb.fxgl.app.MainWindow.addMouseHandler$lambda-2(MainWindow.kt:230)
	at javafx.base/com.sun.javafx.event.CompositeEventHandler$NormalEventHandlerRecord.handleBubblingEvent(CompositeEventHandler.java:218)
	at javafx.base/com.sun.javafx.event.CompositeEventHandler.dispatchBubblingEvent(CompositeEventHandler.java:80)
	at javafx.base/com.sun.javafx.event.EventHandlerManager.dispatchBubblingEvent(EventHandlerManager.java:238)
	at javafx.base/com.sun.javafx.event.EventHandlerManager.dispatchBubblingEvent(EventHandlerManager.java:191)
	at javafx.base/com.sun.javafx.event.CompositeEventDispatcher.dispatchBubblingEvent(CompositeEventDispatcher.java:59)
	at javafx.base/com.sun.javafx.event.BasicEventDispatcher.dispatchEvent(BasicEventDispatcher.java:58)
	at javafx.base/com.sun.javafx.event.EventDispatchChainImpl.dispatchEvent(EventDispatchChainImpl.java:114)
	at javafx.base/com.sun.javafx.event.BasicEventDispatcher.dispatchEvent(BasicEventDispatcher.java:56)
	at javafx.base/com.sun.javafx.event.EventDispatchChainImpl.dispatchEvent(EventDispatchChainImpl.java:114)
	at javafx.base/com.sun.javafx.event.EventUtil.fireEventImpl(EventUtil.java:74)
	at javafx.base/com.sun.javafx.event.EventUtil.fireEvent(EventUtil.java:54)
	at javafx.base/javafx.event.Event.fireEvent(Event.java:198)
	at javafx.graphics/javafx.scene.Scene$MouseHandler.process(Scene.java:3851)
	at javafx.graphics/javafx.scene.Scene$MouseHandler.access$1200(Scene.java:3579)
	at javafx.graphics/javafx.scene.Scene.processMouseEvent(Scene.java:1849)
	at javafx.graphics/javafx.scene.Scene$ScenePeerListener.mouseEvent(Scene.java:2588)
	at javafx.graphics/com.sun.javafx.tk.quantum.GlassViewEventHandler$MouseEventNotification.run(GlassViewEventHandler.java:397)
	at javafx.graphics/com.sun.javafx.tk.quantum.GlassViewEventHandler$MouseEventNotification.run(GlassViewEventHandler.java:295)
	at java.base/java.security.AccessController.doPrivileged(AccessController.java:391)
	at javafx.graphics/com.sun.javafx.tk.quantum.GlassViewEventHandler.lambda$handleMouseEvent$2(GlassViewEventHandler.java:434)
	at javafx.graphics/com.sun.javafx.tk.quantum.QuantumToolkit.runWithoutRenderLock(QuantumToolkit.java:390)
	at javafx.graphics/com.sun.javafx.tk.quantum.GlassViewEventHandler.handleMouseEvent(GlassViewEventHandler.java:433)
	at javafx.graphics/com.sun.glass.ui.View.handleMouseEvent(View.java:556)
	at javafx.graphics/com.sun.glass.ui.View.notifyMouse(View.java:942)
	at javafx.graphics/com.sun.glass.ui.win.WinApplication._runLoop(Native Method)
	at javafx.graphics/com.sun.glass.ui.win.WinApplication.lambda$runLoop$3(WinApplication.java:174)
	at java.base/java.lang.Thread.run(Thread.java:832)

15:18:06.697 [JavaFX Application Thread] FATAL FXGLApplication      - Application will now exit
15:18:06.713 [JavaFX Application Thread] DEBUG PrimaryStageWindow   - Push state: ErrorSubScene
15:18:06.713 [JavaFX Application Thread] DEBUG Input                - Clearing active input actions
15:18:06.722 [JavaFX Application Thread] DEBUG GameApplicationServi - Removing overlay from GameScene and adding to ErrorSubScene
15:18:06.723 [JavaFX Application Thread] DEBUG PrimaryStageWindow   - GameScene -> ErrorSubScene
15:18:15.029 [JavaFX Application Thread] DEBUG FXGLApplication      - Exiting FXGL
15:18:15.029 [JavaFX Application Thread] DEBUG Async                - Shutting down background threads
15:18:15.031 [JavaFX Application Thread] DEBUG PrimaryStageWindow   - Closing main window
15:18:15.040 [JavaFX Application Thread] DEBUG Logger               - Closing Logger
