15:18:35.320 [main                     ] DEBUG Logger               - Configured Logger
15:18:35.333 [main                     ] DEBUG GameApplication      - Logging settings
Title: Basic Game App
Version: 0.1
Width: 600
Height: 600
Fullscreen: false
Intro: false
Profiling: false
Single step:false
App Mode: DEVELOPER
Menu Key: ESCAPE
Stage Style: DECORATED
Scene Factory: class com.almasb.fxgl.app.scene.SceneFactory

15:18:35.587 [JavaFX Application Thread] DEBUG FXGLApplication      - Initializing FXGL
15:18:35.589 [JavaFX Application Thread] INFO  Engine               - FXGL-11.17 (16.07.2021 15.46) on WINDOWS (J:14.0.1 FX:11.0.2)
15:18:35.590 [JavaFX Application Thread] DEBUG Engine               - JRE Vendor Name: Oracle Corporation
15:18:35.590 [JavaFX Application Thread] DEBUG Engine               - Running on OS: Windows 10 version 10.0
15:18:35.590 [JavaFX Application Thread] DEBUG Engine               - Architecture: amd64
15:18:35.590 [JavaFX Application Thread] INFO  Engine               - Source code and latest versions at: https://github.com/AlmasB/FXGL
15:18:35.591 [JavaFX Application Thread] INFO  Engine               -              Join the FXGL chat at: https://gitter.im/AlmasB/FXGL
15:18:35.681 [JavaFX Application Thread] DEBUG PrimaryStageWindow   - Creating a JavaFX scene
15:18:35.738 [JavaFX Application Thread] DEBUG PrimaryStageWindow   - Target settings size: 600.0 x 600.0
15:18:35.738 [JavaFX Application Thread] DEBUG PrimaryStageWindow   - Scaled scene size:    600.0 x 600.0
15:18:35.738 [JavaFX Application Thread] DEBUG PrimaryStageWindow   - Scaled ratio: (1.0, 1.0)
15:18:35.739 [JavaFX Application Thread] DEBUG PrimaryStageWindow   - Set initial scene to FXGLStartupScene
15:18:35.745 [JavaFX Application Thread] DEBUG PrimaryStageWindow   - Opening main window
15:18:35.874 [JavaFX Application Thread] DEBUG PrimaryStageWindow   - Window border size: (14.4000244140625, 37.5999755859375)
15:18:35.875 [JavaFX Application Thread] DEBUG PrimaryStageWindow   - Scaled size: 600.0 x 600.0
15:18:35.875 [JavaFX Application Thread] DEBUG PrimaryStageWindow   - Scaled ratio: (1.0, 1.0)
15:18:35.875 [JavaFX Application Thread] DEBUG PrimaryStageWindow   - Scene size: 600.0 x 600.0
15:18:35.876 [JavaFX Application Thread] DEBUG PrimaryStageWindow   - Stage size: 614.4000244140625 x 637.5999755859375
15:18:35.888 [FXGL Background Thread 1 ] DEBUG Engine               - Initializing environment variables
15:18:35.960 [FXGL Background Thread 1 ] DEBUG FXGLAssetLoaderServi - User app class for loading assets: class visualisation.fxgl.Fxgl
15:18:35.960 [FXGL Background Thread 1 ] DEBUG GameApplicationServi - Applying CSS: fxgl_dark.css
15:18:35.961 [FXGL Background Thread 1 ] DEBUG FXGLAssetLoaderServi - Loading from file system: jar:file:///C:/Users/DEL/.m2/repository/com/github/almasb/fxgl/11.17/fxgl-11.17.jar!/fxglassets/ui/css/fxgl_dark.css
15:18:36.037 [FXGL Background Thread 1 ] DEBUG GameApplicationServi - Initializing application scenes
15:18:36.119 [FXGL Background Thread 1 ] DEBUG GameWorld            - Game world initialized
15:18:36.192 [FXGL Background Thread 1 ] DEBUG PhysicsWorld         - Physics world initialized: appHeight=600, physics.ppm=50.0
15:18:36.193 [FXGL Background Thread 1 ] DEBUG PhysicsWorld         - Using strategy: BRUTE_FORCE
15:18:36.196 [FXGL Background Thread 1 ] DEBUG GameScene            - Game scene initialized: 600x600
15:18:36.208 [FXGL Background Thread 1 ] WARN  FXGL.DefaultMenu     - FXGLDefaultMenu is not designed for resolutions < 800x600
15:18:36.209 [FXGL Background Thread 1 ] DEBUG FXGL.DefaultMenu     - createMenuBodyGameMenu()
15:18:36.224 [FXGL Background Thread 1 ] DEBUG FXGL.DefaultMenu     - createOptionsMenu()
15:18:36.239 [FXGL Background Thread 1 ] DEBUG FXGLAssetLoaderServi - Loading from file system: jar:file:///C:/Users/DEL/.m2/repository/com/github/almasb/fxgl/11.17/fxgl-11.17.jar!/fxglassets/textures/particles/smoke.png
15:18:36.360 [FXGL Background Thread 1 ] DEBUG FXGLAssetLoaderServi - Loading from file system: jar:file:///C:/Users/DEL/.m2/repository/com/github/almasb/fxgl/11.17/fxgl-11.17.jar!/fxglassets/textures/particles/trace_horizontal.png
15:18:36.390 [FXGL Background Thread 1 ] DEBUG GameApplicationServi - Application scenes initialized
15:18:36.398 [FXGL Background Thread 1 ] DEBUG SystemBundleService  - Loading FXGL system data
15:18:36.401 [FXGL Background Thread 1 ] WARN  SystemBundleService  - Failed to load: java.io.FileNotFoundException: D:\Soft\JavafxTests\system\fxgl.bundle (The system cannot find the file specified)
15:18:36.402 [FXGL Background Thread 1 ] DEBUG SystemBundleService  - Loading default FXGL system data
15:18:36.402 [FXGL Background Thread 1 ] DEBUG UpdaterService       - Checking for updates
15:18:36.406 [FXGL Background Thread 4 ] DEBUG FXGLApplication      - Loading fonts
15:18:36.406 [FXGL Background Thread 1 ] DEBUG FXGLApplication      - Loading default localization
15:18:36.407 [FXGL Background Thread 4 ] DEBUG FXGLAssetLoaderServi - Loading from file system: jar:file:///C:/Users/DEL/.m2/repository/com/github/almasb/fxgl/11.17/fxgl-11.17.jar!/fxglassets/ui/fonts/VarelaRound-Regular.ttf
15:18:36.407 [FXGL Background Thread 1 ] DEBUG FXGLAssetLoaderServi - Loading from file system: jar:file:///C:/Users/DEL/.m2/repository/com/github/almasb/fxgl/11.17/fxgl-11.17.jar!/fxglassets/languages/english.lang
15:18:36.423 [FXGL Background Thread 1 ] INFO  FXGLApplication      - FXGL initialization took: 0.535 sec
15:18:36.438 [JavaFX Application Thread] DEBUG Input                - Registered new binding: action0 - D
15:18:36.438 [JavaFX Application Thread] DEBUG Input                - Registered new binding: action1 - A
15:18:36.439 [JavaFX Application Thread] DEBUG Input                - Registered new binding: action2 - W
15:18:36.439 [JavaFX Application Thread] DEBUG Input                - Registered new binding: action3 - S
15:18:36.440 [JavaFX Application Thread] DEBUG FXGLAssetLoaderServi - Loading from file system: jar:file:///C:/Users/DEL/.m2/repository/com/github/almasb/fxgl/11.17/fxgl-11.17.jar!/fxglassets/textures/fxgl_icon.png
15:18:36.470 [JavaFX Application Thread] DEBUG FXGLAssetLoaderServi - Loading from file system: jar:file:///C:/Users/DEL/.m2/repository/com/github/almasb/fxgl/11.17/fxgl-11.17.jar!/fxglassets/textures/fxgl_default_cursor.png
15:18:36.473 [JavaFX Application Thread] DEBUG Input                - Registered new binding: Screenshot - CTRL+8
15:18:36.474 [JavaFX Application Thread] DEBUG Input                - Registered new binding: System info dump - CTRL+9
15:18:36.474 [JavaFX Application Thread] DEBUG Input                - Registered new binding: Restart - CTRL+R
15:18:36.475 [JavaFX Application Thread] DEBUG Input                - Registered new binding: Toggle Debug Camera - CTRL+C
15:18:36.478 [JavaFX Application Thread] DEBUG LoopRunner           - Starting loop
15:18:36.478 [JavaFX Application Thread] DEBUG LoopRunner           - Initializing JavaFX AnimationTimerLoop
15:18:36.482 [JavaFX Application Thread] DEBUG GameApplicationServi - Starting new game
15:18:36.482 [JavaFX Application Thread] DEBUG Input                - Clearing active input actions
15:18:36.488 [FXGL Background Thread 4 ] DEBUG FXGLAssetLoaderServi - Loading from file system: jar:file:///C:/Users/DEL/.m2/repository/com/github/almasb/fxgl/11.17/fxgl-11.17.jar!/fxglassets/ui/fonts/Abel-Regular.ttf
15:18:36.494 [FXGL Background Thread 4 ] DEBUG FXGLAssetLoaderServi - Loading from file system: jar:file:///C:/Users/DEL/.m2/repository/com/github/almasb/fxgl/11.17/fxgl-11.17.jar!/fxglassets/ui/fonts/lucida_console.ttf
15:18:36.499 [JavaFX Application Thread] DEBUG GameApplicationServi - Removing overlay from FXGLStartupScene and adding to FXGLLoadingScene
15:18:36.499 [JavaFX Application Thread] DEBUG PrimaryStageWindow   - FXGLStartupScene -> FXGLLoadingScene
15:18:36.499 [JavaFX Application Thread] DEBUG GameApplicationServi - Clearing previous game
15:18:36.499 [JavaFX Application Thread] DEBUG GameScene            - Clearing game scene
15:18:36.500 [JavaFX Application Thread] DEBUG GameWorld            - Clearing game world
15:18:36.500 [JavaFX Application Thread] DEBUG PhysicsWorld         - Clearing physics world
15:18:36.502 [FXGL Background Thread 4 ] DEBUG FXGLAssetLoaderServi - Loading from file system: jar:file:///C:/Users/DEL/.m2/repository/com/github/almasb/fxgl/11.17/fxgl-11.17.jar!/fxglassets/ui/fonts/Courier-Prime.ttf
15:18:36.504 [FXGL Background Thread 1 ] DEBUG FXGLApplication      - Initializing game
15:18:36.513 [FXGL Background Thread 1 ] INFO  FXGLApplication      - Game initialization took: 0.009 sec
15:18:36.547 [JavaFX Application Thread] DEBUG FXGLApplication      - Registering font factories with UI factory
15:18:36.550 [JavaFX Application Thread] DEBUG Input                - Clearing active input actions
15:18:36.563 [JavaFX Application Thread] DEBUG GameApplicationServi - Removing overlay from FXGLLoadingScene and adding to GameScene
15:18:36.563 [JavaFX Application Thread] DEBUG PrimaryStageWindow   - FXGLLoadingScene -> GameScene
15:18:39.406 [FXGL Background Thread 3 ] DEBUG Engine               - Logging environment variables
15:18:39.406 [FXGL Background Thread 3 ] DEBUG Engine               - achievements: []
15:18:39.406 [FXGL Background Thread 3 ] DEBUG Engine               - actualHeight: 600.0
15:18:39.406 [FXGL Background Thread 3 ] DEBUG Engine               - actualHeightProperty: ReadOnlyDoubleProperty [value: 600.0]
15:18:39.406 [FXGL Background Thread 3 ] DEBUG Engine               - actualWidth: 600.0
15:18:39.406 [FXGL Background Thread 3 ] DEBUG Engine               - actualWidthProperty: ReadOnlyDoubleProperty [value: 600.0]
15:18:39.406 [FXGL Background Thread 3 ] DEBUG Engine               - appIcon: fxgl_icon.png
15:18:39.406 [FXGL Background Thread 3 ] DEBUG Engine               - applicationMode: DEVELOPER
15:18:39.406 [FXGL Background Thread 3 ] DEBUG Engine               - cSSList: [fxgl_dark.css]
15:18:39.407 [FXGL Background Thread 3 ] DEBUG Engine               - collisionDetectionStrategy: BRUTE_FORCE
15:18:39.407 [FXGL Background Thread 3 ] DEBUG Engine               - configClass: Optional.empty
15:18:39.407 [FXGL Background Thread 3 ] DEBUG Engine               - credits: []
15:18:39.407 [FXGL Background Thread 3 ] DEBUG Engine               - defaultCursor: CursorInfo(imageName=fxgl_default_cursor.png, hotspotX=7.0, hotspotY=6.0)
15:18:39.407 [FXGL Background Thread 3 ] DEBUG Engine               - devBBoxColorProperty: ObjectProperty [value: 0xff0000ff]
15:18:39.407 [FXGL Background Thread 3 ] DEBUG Engine               - devEnableDebugCameraProperty: BooleanProperty [value: false]
15:18:39.408 [FXGL Background Thread 3 ] DEBUG Engine               - devSensorColorProperty: ObjectProperty [value: 0xffff00ff]
15:18:39.408 [FXGL Background Thread 3 ] DEBUG Engine               - devShowBBoxProperty: BooleanProperty [value: false]
15:18:39.408 [FXGL Background Thread 3 ] DEBUG Engine               - devShowPositionProperty: BooleanProperty [value: false]
15:18:39.408 [FXGL Background Thread 3 ] DEBUG Engine               - enabledMenuItems: []
15:18:39.408 [FXGL Background Thread 3 ] DEBUG Engine               - engineServices: [class com.almasb.fxgl.app.services.FXGLAssetLoaderService, class com.almasb.fxgl.app.FXGLApplication$GameApplicationService, class com.almasb.fxgl.app.services.FXGLDialogService, class com.almasb.fxgl.app.services.IOTaskExecutorService, class com.almasb.fxgl.io.FileSystemService, class com.almasb.fxgl.localization.LocalizationService, class com.almasb.fxgl.app.services.SystemBundleService, class com.almasb.fxgl.profile.SaveLoadService, class com.almasb.fxgl.ui.FXGLUIFactoryServiceProvider, class com.almasb.fxgl.ui.FXGLDialogFactoryServiceProvider, class com.almasb.fxgl.audio.AudioPlayer, class com.almasb.fxgl.notification.impl.NotificationServiceProvider, class com.almasb.fxgl.achievement.AchievementService, class com.almasb.fxgl.cutscene.CutsceneService, class com.almasb.fxgl.minigames.MiniGameService, class com.almasb.fxgl.net.NetService, class com.almasb.fxgl.app.services.UpdaterService, class com.almasb.fxgl.dev.DevService]
15:18:39.408 [FXGL Background Thread 3 ] DEBUG Engine               - fontGame: Abel-Regular.ttf
15:18:39.408 [FXGL Background Thread 3 ] DEBUG Engine               - fontMono: lucida_console.ttf
15:18:39.408 [FXGL Background Thread 3 ] DEBUG Engine               - fontText: Courier-Prime.ttf
15:18:39.408 [FXGL Background Thread 3 ] DEBUG Engine               - fontUI: VarelaRound-Regular.ttf
15:18:39.409 [FXGL Background Thread 3 ] DEBUG Engine               - fullScreen: BooleanProperty [value: false]
15:18:39.409 [FXGL Background Thread 3 ] DEBUG Engine               - gameDifficulty: MEDIUM
15:18:39.409 [FXGL Background Thread 3 ] DEBUG Engine               - gameDifficultyProperty: ObjectProperty [value: MEDIUM]
15:18:39.409 [FXGL Background Thread 3 ] DEBUG Engine               - globalMusicVolume: 0.5
15:18:39.409 [FXGL Background Thread 3 ] DEBUG Engine               - globalMusicVolumeProperty: DoubleProperty [value: 0.5]
15:18:39.409 [FXGL Background Thread 3 ] DEBUG Engine               - globalSoundVolume: 0.5
15:18:39.409 [FXGL Background Thread 3 ] DEBUG Engine               - globalSoundVolumeProperty: DoubleProperty [value: 0.5]
15:18:39.409 [FXGL Background Thread 3 ] DEBUG Engine               - height: 600
15:18:39.410 [FXGL Background Thread 3 ] DEBUG Engine               - is3D: false
15:18:39.410 [FXGL Background Thread 3 ] DEBUG Engine               - isAndroid: false
15:18:39.410 [FXGL Background Thread 3 ] DEBUG Engine               - isBrowser: false
15:18:39.410 [FXGL Background Thread 3 ] DEBUG Engine               - isClickFeedbackEnabled: false
15:18:39.410 [FXGL Background Thread 3 ] DEBUG Engine               - isCloseConfirmation: false
15:18:39.410 [FXGL Background Thread 3 ] DEBUG Engine               - isDesktop: true
15:18:39.410 [FXGL Background Thread 3 ] DEBUG Engine               - isDeveloperMenuEnabled: false
15:18:39.410 [FXGL Background Thread 3 ] DEBUG Engine               - isEntityPreloadEnabled: true
15:18:39.410 [FXGL Background Thread 3 ] DEBUG Engine               - isExperimentalTiledLargeMap: false
15:18:39.411 [FXGL Background Thread 3 ] DEBUG Engine               - isFileSystemWriteAllowed: true
15:18:39.411 [FXGL Background Thread 3 ] DEBUG Engine               - isFullScreenAllowed: false
15:18:39.411 [FXGL Background Thread 3 ] DEBUG Engine               - isFullScreenFromStart: false
15:18:39.411 [FXGL Background Thread 3 ] DEBUG Engine               - isGameMenuEnabled: true
15:18:39.411 [FXGL Background Thread 3 ] DEBUG Engine               - isIOS: false
15:18:39.411 [FXGL Background Thread 3 ] DEBUG Engine               - isIntroEnabled: false
15:18:39.411 [FXGL Background Thread 3 ] DEBUG Engine               - isLinux: false
15:18:39.411 [FXGL Background Thread 3 ] DEBUG Engine               - isMac: false
15:18:39.411 [FXGL Background Thread 3 ] DEBUG Engine               - isMainMenuEnabled: false
15:18:39.411 [FXGL Background Thread 3 ] DEBUG Engine               - isManualResizeEnabled: false
15:18:39.411 [FXGL Background Thread 3 ] DEBUG Engine               - isMobile: false
15:18:39.411 [FXGL Background Thread 3 ] DEBUG Engine               - isNative: false
15:18:39.412 [FXGL Background Thread 3 ] DEBUG Engine               - isPauseMusicWhenMinimized: true
15:18:39.412 [FXGL Background Thread 3 ] DEBUG Engine               - isPreserveResizeRatio: false
15:18:39.412 [FXGL Background Thread 3 ] DEBUG Engine               - isProfilingEnabled: false
15:18:39.412 [FXGL Background Thread 3 ] DEBUG Engine               - isScaleAffectedOnResize: true
15:18:39.412 [FXGL Background Thread 3 ] DEBUG Engine               - isSingleStep: false
15:18:39.412 [FXGL Background Thread 3 ] DEBUG Engine               - isUserProfileEnabled: false
15:18:39.412 [FXGL Background Thread 3 ] DEBUG Engine               - isWindows: true
15:18:39.412 [FXGL Background Thread 3 ] DEBUG Engine               - language: ObjectProperty [value: ENGLISH]
15:18:39.412 [FXGL Background Thread 3 ] DEBUG Engine               - menuKey: ESCAPE
15:18:39.412 [FXGL Background Thread 3 ] DEBUG Engine               - mouseSensitivity: 0.2
15:18:39.412 [FXGL Background Thread 3 ] DEBUG Engine               - notificationViewClass: class com.almasb.fxgl.notification.view.XboxNotificationView
15:18:39.412 [FXGL Background Thread 3 ] DEBUG Engine               - pixelsPerMeter: 50.0
15:18:39.413 [FXGL Background Thread 3 ] DEBUG Engine               - platform: WINDOWS
15:18:39.413 [FXGL Background Thread 3 ] DEBUG Engine               - prefHeightProperty: ReadOnlyDoubleProperty [value: 600.0]
15:18:39.413 [FXGL Background Thread 3 ] DEBUG Engine               - prefWidthProperty: ReadOnlyDoubleProperty [value: 600.0]
15:18:39.413 [FXGL Background Thread 3 ] DEBUG Engine               - profileDir: profiles/
15:18:39.413 [FXGL Background Thread 3 ] DEBUG Engine               - profileName: StringProperty [value: DEFAULT]
15:18:39.413 [FXGL Background Thread 3 ] DEBUG Engine               - randomSeed: -1
15:18:39.413 [FXGL Background Thread 3 ] DEBUG Engine               - runtimeInfo: RuntimeInfo(platform=WINDOWS, version=11.17, build=16.07.2021 15.46)
15:18:39.413 [FXGL Background Thread 3 ] DEBUG Engine               - saveFileExt: sav
15:18:39.413 [FXGL Background Thread 3 ] DEBUG Engine               - scaledHeightProp$fxgl: DoubleProperty [bound, value: 600.0]
15:18:39.413 [FXGL Background Thread 3 ] DEBUG Engine               - scaledWidthProp$fxgl: DoubleProperty [bound, value: 600.0]
15:18:39.413 [FXGL Background Thread 3 ] DEBUG Engine               - sceneFactory: com.almasb.fxgl.app.scene.SceneFactory@6f3a5d6d
15:18:39.414 [FXGL Background Thread 3 ] DEBUG Engine               - secondsIn24h: 60
15:18:39.414 [FXGL Background Thread 3 ] DEBUG Engine               - soundMenuBack: menu/back.wav
15:18:39.414 [FXGL Background Thread 3 ] DEBUG Engine               - soundMenuPress: menu/press.wav
15:18:39.414 [FXGL Background Thread 3 ] DEBUG Engine               - soundMenuSelect: menu/select.wav
15:18:39.414 [FXGL Background Thread 3 ] DEBUG Engine               - soundNotification: core/notification.wav
15:18:39.414 [FXGL Background Thread 3 ] DEBUG Engine               - stageStyle: DECORATED
15:18:39.414 [FXGL Background Thread 3 ] DEBUG Engine               - supportedLanguages: [ENGLISH, FRENCH, GERMAN, HUNGARIAN, RUSSIAN]
15:18:39.414 [FXGL Background Thread 3 ] DEBUG Engine               - ticksPerSecond: -1
15:18:39.414 [FXGL Background Thread 3 ] DEBUG Engine               - title: Basic Game App
15:18:39.414 [FXGL Background Thread 3 ] DEBUG Engine               - urlGithub: https://github.com/AlmasB/FXGL
15:18:39.414 [FXGL Background Thread 3 ] DEBUG Engine               - urlLeaderboard: http://fxgl-top.herokuapp.com/
15:18:39.415 [FXGL Background Thread 3 ] DEBUG Engine               - urlPOM: https://raw.githubusercontent.com/AlmasB/FXGL/release/README.md
15:18:39.415 [FXGL Background Thread 3 ] DEBUG Engine               - userAppClass: class visualisation.fxgl.Fxgl
15:18:39.415 [FXGL Background Thread 3 ] DEBUG Engine               - version: 0.1
15:18:39.415 [FXGL Background Thread 3 ] DEBUG Engine               - versionCheckDays: 7
15:18:39.415 [FXGL Background Thread 3 ] DEBUG Engine               - width: 600
15:18:39.415 [FXGL Background Thread 3 ] DEBUG Engine               - Logging services
15:18:39.415 [FXGL Background Thread 3 ] DEBUG Engine               - class com.almasb.fxgl.app.services.FXGLAssetLoaderService
15:18:39.415 [FXGL Background Thread 3 ] DEBUG Engine               - class com.almasb.fxgl.app.FXGLApplication$GameApplicationService
15:18:39.415 [FXGL Background Thread 3 ] DEBUG Engine               - class com.almasb.fxgl.app.services.FXGLDialogService
15:18:39.415 [FXGL Background Thread 3 ] DEBUG Engine               - class com.almasb.fxgl.app.services.IOTaskExecutorService
15:18:39.415 [FXGL Background Thread 3 ] DEBUG Engine               - class com.almasb.fxgl.io.FileSystemService
15:18:39.415 [FXGL Background Thread 3 ] DEBUG Engine               - class com.almasb.fxgl.localization.LocalizationService
15:18:39.415 [FXGL Background Thread 3 ] DEBUG Engine               - class com.almasb.fxgl.app.services.SystemBundleService
15:18:39.415 [FXGL Background Thread 3 ] DEBUG Engine               - class com.almasb.fxgl.profile.SaveLoadService
15:18:39.416 [FXGL Background Thread 3 ] DEBUG Engine               - class com.almasb.fxgl.ui.FXGLUIFactoryServiceProvider
15:18:39.416 [FXGL Background Thread 3 ] DEBUG Engine               - class com.almasb.fxgl.ui.FXGLDialogFactoryServiceProvider
15:18:39.416 [FXGL Background Thread 3 ] DEBUG Engine               - class com.almasb.fxgl.audio.AudioPlayer
15:18:39.416 [FXGL Background Thread 3 ] DEBUG Engine               - class com.almasb.fxgl.notification.impl.NotificationServiceProvider
15:18:39.416 [FXGL Background Thread 3 ] DEBUG Engine               - class com.almasb.fxgl.achievement.AchievementService
15:18:39.416 [FXGL Background Thread 3 ] DEBUG Engine               - class com.almasb.fxgl.cutscene.CutsceneService
15:18:39.416 [FXGL Background Thread 3 ] DEBUG Engine               - class com.almasb.fxgl.minigames.MiniGameService
15:18:39.416 [FXGL Background Thread 3 ] DEBUG Engine               - class com.almasb.fxgl.net.NetService
15:18:39.416 [FXGL Background Thread 3 ] DEBUG Engine               - class com.almasb.fxgl.app.services.UpdaterService
15:18:39.416 [FXGL Background Thread 3 ] DEBUG Engine               - class com.almasb.fxgl.dev.DevService
15:18:45.295 [JavaFX Application Thread] DEBUG LoopRunner           - Stopping loop
15:18:45.296 [JavaFX Application Thread] FATAL FXGLApplication      - Uncaught Exception:
java.lang.NoSuchFieldError: BACK
	at com.almasb.fxgl.core/com.almasb.fxgl.input.MouseTrigger$Companion$WhenMappings.<clinit>(Triggers.kt)
	at com.almasb.fxgl.core/com.almasb.fxgl.input.MouseTrigger$Companion.buttonToString(Triggers.kt:130)
	at com.almasb.fxgl.core/com.almasb.fxgl.input.MouseTrigger.<init>(Triggers.kt:143)
	at com.almasb.fxgl.core/com.almasb.fxgl.input.MouseTrigger.<init>(Triggers.kt:112)
	at com.almasb.fxgl.core/com.almasb.fxgl.input.Input.handlePressed(Input.kt:326)
	at com.almasb.fxgl.core/com.almasb.fxgl.input.Input.onMouseEvent(Input.kt:312)
	at com.almasb.fxgl.core/com.almasb.fxgl.input.Input.onMouseEvent(Input.kt:301)
	at com.almasb.fxgl.all/com.almasb.fxgl.app.PrimaryStageWindow$2.invoke(MainWindow.kt:293)
	at com.almasb.fxgl.all/com.almasb.fxgl.app.PrimaryStageWindow$2.invoke(MainWindow.kt:292)
	at com.almasb.fxgl.all/com.almasb.fxgl.app.MainWindow.addMouseHandler$lambda-2(MainWindow.kt:230)
	at javafx.base/com.sun.javafx.event.CompositeEventHandler$NormalEventHandlerRecord.handleBubblingEvent(CompositeEventHandler.java:218)
	at javafx.base/com.sun.javafx.event.CompositeEventHandler.dispatchBubblingEvent(CompositeEventHandler.java:80)
	at javafx.base/com.sun.javafx.event.EventHandlerManager.dispatchBubblingEvent(EventHandlerManager.java:238)
	at javafx.base/com.sun.javafx.event.EventHandlerManager.dispatchBubblingEvent(EventHandlerManager.java:191)
	at javafx.base/com.sun.javafx.event.CompositeEventDispatcher.dispatchBubblingEvent(CompositeEventDispatcher.java:59)
	at javafx.base/com.sun.javafx.event.BasicEventDispatcher.dispatchEvent(BasicEventDispatcher.java:58)
	at javafx.base/com.sun.javafx.event.EventDispatchChainImpl.dispatchEvent(EventDispatchChainImpl.java:114)
	at javafx.base/com.sun.javafx.event.BasicEventDispatcher.dispatchEvent(BasicEventDispatcher.java:56)
	at javafx.base/com.sun.javafx.event.EventDispatchChainImpl.dispatchEvent(EventDispatchChainImpl.java:114)
	at javafx.base/com.sun.javafx.event.EventUtil.fireEventImpl(EventUtil.java:74)
	at javafx.base/com.sun.javafx.event.EventUtil.fireEvent(EventUtil.java:54)
	at javafx.base/javafx.event.Event.fireEvent(Event.java:198)
	at javafx.graphics/javafx.scene.Scene$MouseHandler.process(Scene.java:3851)
	at javafx.graphics/javafx.scene.Scene$MouseHandler.access$1200(Scene.java:3579)
	at javafx.graphics/javafx.scene.Scene.processMouseEvent(Scene.java:1849)
	at javafx.graphics/javafx.scene.Scene$ScenePeerListener.mouseEvent(Scene.java:2588)
	at javafx.graphics/com.sun.javafx.tk.quantum.GlassViewEventHandler$MouseEventNotification.run(GlassViewEventHandler.java:397)
	at javafx.graphics/com.sun.javafx.tk.quantum.GlassViewEventHandler$MouseEventNotification.run(GlassViewEventHandler.java:295)
	at java.base/java.security.AccessController.doPrivileged(AccessController.java:391)
	at javafx.graphics/com.sun.javafx.tk.quantum.GlassViewEventHandler.lambda$handleMouseEvent$2(GlassViewEventHandler.java:434)
	at javafx.graphics/com.sun.javafx.tk.quantum.QuantumToolkit.runWithoutRenderLock(QuantumToolkit.java:390)
	at javafx.graphics/com.sun.javafx.tk.quantum.GlassViewEventHandler.handleMouseEvent(GlassViewEventHandler.java:433)
	at javafx.graphics/com.sun.glass.ui.View.handleMouseEvent(View.java:556)
	at javafx.graphics/com.sun.glass.ui.View.notifyMouse(View.java:942)
	at javafx.graphics/com.sun.glass.ui.win.WinApplication._runLoop(Native Method)
	at javafx.graphics/com.sun.glass.ui.win.WinApplication.lambda$runLoop$3(WinApplication.java:174)
	at java.base/java.lang.Thread.run(Thread.java:832)

15:18:45.296 [JavaFX Application Thread] FATAL FXGLApplication      - Application will now exit
15:18:45.306 [JavaFX Application Thread] DEBUG PrimaryStageWindow   - Push state: ErrorSubScene
15:18:45.306 [JavaFX Application Thread] DEBUG Input                - Clearing active input actions
15:18:45.313 [JavaFX Application Thread] DEBUG GameApplicationServi - Removing overlay from GameScene and adding to ErrorSubScene
15:18:45.314 [JavaFX Application Thread] DEBUG PrimaryStageWindow   - GameScene -> ErrorSubScene
15:19:05.679 [JavaFX Application Thread] DEBUG FXGLApplication      - Exiting FXGL
15:19:05.679 [JavaFX Application Thread] DEBUG Async                - Shutting down background threads
15:19:05.679 [JavaFX Application Thread] DEBUG PrimaryStageWindow   - Closing main window
15:19:05.692 [JavaFX Application Thread] DEBUG Logger               - Closing Logger
